<?xml version="1.0" encoding="UTF-8"?>
<testng-results ignored="0" total="4" passed="4" failed="0" skipped="0">
  <reporter-output>
  </reporter-output>
  <suite started-at="2024-06-24T18:39:56 IST" name="Default suite" finished-at="2024-06-24T18:40:28 IST" duration-ms="32020">
    <groups>
    </groups>
    <test started-at="2024-06-24T18:39:56 IST" name="Default test" finished-at="2024-06-24T18:40:28 IST" duration-ms="32020">
      <class name="Payments.ElectricityPayments">
        <test-method is-config="true" signature="electricity()[pri:0, instance:Payments.ElectricityPayments@302552ec]" started-at="2024-06-24T18:39:56 IST" name="electricity" finished-at="2024-06-24T18:39:56 IST" duration-ms="16" status="PASS">
          <reporter-output>
          </reporter-output>
        </test-method> <!-- electricity -->
        <test-method signature="browserinitiation()[pri:0, instance:Payments.ElectricityPayments@302552ec]" started-at="2024-06-24T18:39:56 IST" name="browserinitiation" finished-at="2024-06-24T18:39:59 IST" duration-ms="2988" status="PASS">
          <reporter-output>
          </reporter-output>
        </test-method> <!-- browserinitiation -->
        <test-method signature="billdetails()[pri:1, instance:Payments.ElectricityPayments@302552ec]" started-at="2024-06-24T18:39:59 IST" name="billdetails" finished-at="2024-06-24T18:40:18 IST" duration-ms="18701" status="PASS">
          <reporter-output>
          </reporter-output>
        </test-method> <!-- billdetails -->
        <test-method signature="bill()[pri:2, instance:Payments.ElectricityPayments@302552ec]" started-at="2024-06-24T18:40:18 IST" name="bill" finished-at="2024-06-24T18:40:19 IST" duration-ms="859" status="PASS">
          <reporter-output>
          </reporter-output>
        </test-method> <!-- bill -->
        <test-method signature="screenshot()[pri:3, instance:Payments.ElectricityPayments@302552ec]" started-at="2024-06-24T18:40:19 IST" name="screenshot" finished-at="2024-06-24T18:40:28 IST" duration-ms="9376" status="PASS">
          <reporter-output>
          </reporter-output>
        </test-method> <!-- screenshot -->
      </class> <!-- Payments.ElectricityPayments -->
    </test> <!-- Default test -->
  </suite> <!-- Default suite -->
</testng-results>
